<?xml version="1.0" encoding="UTF-8"?>
<!-- Generated by org.testng.reporters.JUnitReportReporter -->
<testsuite skipped="0" hostname="LAPTOP-A5FC2L77" name="garryframework.SeleniumTest" tests="2" failures="0" timestamp="2020-01-21T16:41:03 IST" time="0.014" errors="0">
  <testcase name="WebUiElements" time="0.003" classname="garryframework.SeleniumTest"/>
  <testcase name="BrowserAutomation" time="0.011" classname="garryframework.SeleniumTest"/>
</testsuite> <!-- garryframework.SeleniumTest -->
