<?xml version="1.0" encoding="UTF-8"?>
<!-- Generated by org.testng.reporters.JUnitReportReporter -->
<testsuite skipped="0" hostname="LAPTOP-A5FC2L77" name="garryframework.RestApiTest" tests="2" failures="0" timestamp="2020-01-21T16:41:03 IST" time="0.006" errors="0">
  <testcase name="deleteTwitter" time="0.002" classname="garryframework.RestApiTest"/>
  <testcase name="postJira" time="0.004" classname="garryframework.RestApiTest"/>
</testsuite> <!-- garryframework.RestApiTest -->
