<?xml version="1.0" encoding="UTF-8"?>
<!-- Generated by org.testng.reporters.JUnitReportReporter -->
<testsuite skipped="0" hostname="LAPTOP-A5FC2L77" name="garryframework.AppiumTest" tests="2" failures="0" timestamp="2020-01-21T16:41:03 IST" time="0.004" errors="0">
  <testcase name="NativeAppAndroid" time="0.003" classname="garryframework.AppiumTest"/>
  <testcase name="IosApp" time="0.001" classname="garryframework.AppiumTest"/>
</testsuite> <!-- garryframework.AppiumTest -->
