<?xml version="1.0" encoding="UTF-8"?>
<!-- Generated by org.testng.reporters.JUnitReportReporter -->
<testsuite skipped="0" hostname="LAPTOP-A5FC2L77" name="garryframework.AppiumTest" tests="2" failures="0" timestamp="2020-01-21T16:42:32 IST" time="0.005" errors="0">
  <testcase name="NativeAppAndroid" time="0.000" classname="garryframework.AppiumTest"/>
  <system-out/>
  <testcase name="IosApp" time="0.005" classname="garryframework.AppiumTest"/>
  <system-out/>
</testsuite> <!-- garryframework.AppiumTest -->
